<html xmlns:math="http://exslt.org/math" xmlns:testng="http://testng.org">
   <head>
      <title>TestNG Results</title>
      <meta http-equiv="content-type" content="text/html; charset=utf-8"></meta>
      <meta http-equiv="pragma" content="no-cache"></meta>
      <meta http-equiv="cache-control" content="max-age=0"></meta>
      <meta http-equiv="cache-control" content="no-cache"></meta>
      <meta http-equiv="cache-control" content="no-store"></meta>
      <LINK rel="stylesheet" href="style.css"></LINK>
      <script type="text/javascript" src="main.js"></script>
   </head>
   <body>
      <table width="100%" style="font-size: 16px; margin-bottom: 10px;" cellspacing="1">
         <tr>
            <td width="100%">
               Test case
               
               <b>iVAL_Property</b>
            </td>
            <td style="background-color: #FFBBBB; padding: 3px 3px 3px 0;" align="center">
               <div style="width: 50px;">1</div>
            </td>
            <td style="background-color: lightgreen; padding: 3px 3px 3px 0;" align="center">
               <div style="width: 50px;">0</div>
            </td>
            <td style="background-color: #FFFFBB; padding: 3px 3px 3px 0;" align="center">
               <div style="width: 50px;">0</div>
            </td>
            <td align="center" style="background-color: #eaf0f7; padding: 3px 3px 3px 0;">
               <div style="width: 50px;">1</div>
            </td>
            <td align="center"
                style="font-weight: bold; background-color: #eaf0f7; padding: 3px 3px 3px 0;">
               <div style="width: 50px;">0%</div>
            </td>
            <td style="background-color: #eaf0f7; padding: 3px 3px 3px 0;" align="center"
                nowrap="true">2m
               24s
               
            </td>
         </tr>
      </table>
      <div style="width: 200px;">
         <label for="groupMethodsCheckBox" style="font-weight: bold; margin: 0;">
            <input id="groupMethodsCheckBox" type="checkbox" onclick="switchTestMethodsView(this)"
                   checked=""></input>
            Group by class
            
         </label>
         <br></br>
         <label for="methodsFilter_ALL" style="font-weight: bold; margin: 0;">
            <input id="methodsFilter_ALL" type="checkbox"
                   onclick="testMethodsFilterChanged(this, 'ALL')"
                   checked=""></input>
            All
            
         </label>
      </div>
      <label for="methodsFilter_FAIL" style="margin-left: 20px;">
         <input id="methodsFilter_FAIL" type="checkbox"
                onclick="testMethodsFilterChanged(this, 'FAIL')"
                checked=""></input>
         Failed
         
      </label>
      <label for="methodsFilter_PASS">
         <input id="methodsFilter_PASS" type="checkbox"
                onclick="testMethodsFilterChanged(this, 'PASS')"
                checked=""></input>
         Passed
         
      </label>
      <label for="methodsFilter_SKIP">
         <input id="methodsFilter_SKIP" type="checkbox"
                onclick="testMethodsFilterChanged(this, 'SKIP')"
                checked=""></input>
         Skipped
         
      </label>
      <label for="methodsFilter_CONF">
         <input id="methodsFilter_CONF" type="checkbox"
                onclick="testMethodsFilterChanged(this, 'CONF')"
                checked=""></input>
         Config
         
      </label>
      <br></br>
      <div id="testMethodsByStatus" style="display: none;">
         <table class="testMethodsTable" cellpadding="0" cellspacing="0">
            <tr class="methodsTableHeader">
               <td width="100%">Name</td>
               <td nowrap="true">Started</td>
               <td nowrap="true">Duration</td>
               <td>Exception</td>
            </tr>
            <tr id="com.engcpp.property.IVALReportsTest_testIVALReport_byStatus_failed_FAIL1_row"
                class="testMethodStatusFAIL">
               <td width="100%" class="firstMethodCell">
                  <a onclick="toggleDetailsVisibility('com.engcpp.property.IVALReportsTest_testIVALReport_byStatus_failed_FAIL1_details')">testIVALReport()</a>
               </td>
               <td nowrap="true">00:41:22</td>
               <td nowrap="true" align="right">2m
                  3s
                  
               </td>
               <td nowrap="true">
                  <a onclick="toggleDetailsVisibility('com.engcpp.property.IVALReportsTest_testIVALReport_byStatus_failed_FAIL1_exception')">java.lang.AssertionError: </a>
                   
                  
               </td>
            </tr>
            <tr>
               <td colspan="4" class="detailsBox">
                  <div id="com.engcpp.property.IVALReportsTest_testIVALReport_byStatus_failed_FAIL1_details"
                       class="testMethodDetails">
                     <div>
                        <b>Name: </b>testIVALReport
                     </div>
                     <div>
                        <b>Signature: </b>testIVALReport()[pri:0, instance:com.engcpp.property.IVALReportsTest@2286778]
                     </div>
                     <div>
                        <b>Start time: </b>00:41:22
                     </div>
                     <div>
                        <b>End time: </b>00:43:25
                     </div>
                     <div>
                        <b>Duration: </b>2m
                        3s
                        
                     </div>
                  </div>
               </td>
            </tr>
            <tr>
               <td colspan="4" class="detailsBox">
                  <div id="com.engcpp.property.IVALReportsTest_testIVALReport_byStatus_failed_FAIL1_exception"
                       class="testMethodDetails">
                     <pre style="padding: 5px; margin: 0;">java.lang.AssertionError: 
                        at org.testng.AssertJUnit.fail(AssertJUnit.java:59)
                        at org.testng.AssertJUnit.assertTrue(AssertJUnit.java:24)
                        at org.testng.AssertJUnit.assertTrue(AssertJUnit.java:33)
                        at com.engcpp.property.IVALReportsTest.testIVALReport(IVALReportsTest.java:53)
                        at sun.reflect.NativeMethodAccessorImpl.invoke0(Native Method)
                        at sun.reflect.NativeMethodAccessorImpl.invoke(Unknown Source)
                        at sun.reflect.DelegatingMethodAccessorImpl.invoke(Unknown Source)
                        at java.lang.reflect.Method.invoke(Unknown Source)
                        at org.testng.internal.MethodInvocationHelper.invokeMethod(MethodInvocationHelper.java:124)
                        at org.testng.internal.Invoker.invokeMethod(Invoker.java:583)
                        at org.testng.internal.Invoker.invokeTestMethod(Invoker.java:719)
                        at org.testng.internal.Invoker.invokeTestMethods(Invoker.java:989)
                        at org.testng.internal.TestMethodWorker.invokeTestMethods(TestMethodWorker.java:125)
                        at org.testng.internal.TestMethodWorker.run(TestMethodWorker.java:109)
                        at org.testng.TestRunner.privateRun(TestRunner.java:648)
                        at org.testng.TestRunner.run(TestRunner.java:505)
                        at org.testng.SuiteRunner.runTest(SuiteRunner.java:455)
                        at org.testng.SuiteRunner.runSequentially(SuiteRunner.java:450)
                        at org.testng.SuiteRunner.privateRun(SuiteRunner.java:415)
                        at org.testng.SuiteRunner.run(SuiteRunner.java:364)
                        at org.testng.SuiteRunnerWorker.runSuite(SuiteRunnerWorker.java:52)
                        at org.testng.SuiteRunnerWorker.run(SuiteRunnerWorker.java:84)
                        at org.testng.TestNG.runSuitesSequentially(TestNG.java:1208)
                        at org.testng.TestNG.runSuitesLocally(TestNG.java:1137)
                        at org.testng.TestNG.runSuites(TestNG.java:1049)
                        at org.testng.TestNG.run(TestNG.java:1017)
                        at org.testng.remote.AbstractRemoteTestNG.run(AbstractRemoteTestNG.java:114)
                        at org.testng.remote.RemoteTestNG.initAndRun(RemoteTestNG.java:251)
                        at org.testng.remote.RemoteTestNG.main(RemoteTestNG.java:77)
                     </pre>
                  </div>
               </td>
            </tr>
            <tr id="com.engcpp.property.IVALReportsTest_setUp_byStatus_passed_PASS1_row"
                class="testMethodStatusPASS testMethodStatusCONF">
               <td width="100%" class="firstMethodCell">
                  <a onclick="toggleDetailsVisibility('com.engcpp.property.IVALReportsTest_setUp_byStatus_passed_PASS1_details')">setUp()</a>
               </td>
               <td nowrap="true">00:41:02</td>
               <td nowrap="true" align="right">20s
                  
               </td>
               <td nowrap="true">
                   
                  
               </td>
            </tr>
            <tr>
               <td colspan="4" class="detailsBox">
                  <div id="com.engcpp.property.IVALReportsTest_setUp_byStatus_passed_PASS1_details"
                       class="testMethodDetails">
                     <div>
                        <b>Name: </b>setUp
                     </div>
                     <div>
                        <b>Signature: </b>setUp()[pri:0, instance:com.engcpp.property.IVALReportsTest@2286778]
                     </div>
                     <div>
                        <b>Start time: </b>00:41:02
                     </div>
                     <div>
                        <b>End time: </b>00:41:22
                     </div>
                     <div>
                        <b>Duration: </b>20s
                        
                     </div>
                  </div>
               </td>
            </tr>
            <tr></tr>
            <tr id="com.engcpp.property.IVALReportsTest_tearDown_byStatus_passed_PASS2_row"
                class="testMethodStatusPASS testMethodStatusCONF">
               <td width="100%" class="firstMethodCell">
                  <a onclick="toggleDetailsVisibility('com.engcpp.property.IVALReportsTest_tearDown_byStatus_passed_PASS2_details')">tearDown()</a>
               </td>
               <td nowrap="true">00:43:25</td>
               <td nowrap="true" align="right">963 ms
                  
               </td>
               <td nowrap="true">
                   
                  
               </td>
            </tr>
            <tr>
               <td colspan="4" class="detailsBox">
                  <div id="com.engcpp.property.IVALReportsTest_tearDown_byStatus_passed_PASS2_details"
                       class="testMethodDetails">
                     <div>
                        <b>Name: </b>tearDown
                     </div>
                     <div>
                        <b>Signature: </b>tearDown()[pri:0, instance:com.engcpp.property.IVALReportsTest@2286778]
                     </div>
                     <div>
                        <b>Start time: </b>00:43:25
                     </div>
                     <div>
                        <b>End time: </b>00:43:26
                     </div>
                     <div>
                        <b>Duration: </b>963 ms
                        
                     </div>
                  </div>
               </td>
            </tr>
            <tr></tr>
         </table>
      </div>
      <div id="testMethodsByClass">
         <table class="testMethodsTable" cellpadding="0" cellspacing="0">
            <tr>
               <td colspan="4">
                  <h3 style="display: inline;">com.engcpp.property.IVALReportsTest</h3>
               </td>
            </tr>
            <tr class="methodsTableHeader">
               <td width="100%">Name</td>
               <td nowrap="true">Started</td>
               <td nowrap="true">Duration</td>
               <td>Exception</td>
            </tr>
            <tr id="com.engcpp.property.IVALReportsTest_setUp_byClass_PASS1_row"
                class="testMethodStatusPASS testMethodStatusCONF">
               <td width="100%" class="firstMethodCell">
                  <a onclick="toggleDetailsVisibility('com.engcpp.property.IVALReportsTest_setUp_byClass_PASS1_details')">setUp()</a>
               </td>
               <td nowrap="true">00:41:02</td>
               <td nowrap="true" align="right">20s
                  
               </td>
               <td nowrap="true">
                   
                  
               </td>
            </tr>
            <tr>
               <td colspan="4" class="detailsBox">
                  <div id="com.engcpp.property.IVALReportsTest_setUp_byClass_PASS1_details"
                       class="testMethodDetails">
                     <div>
                        <b>Name: </b>setUp
                     </div>
                     <div>
                        <b>Signature: </b>setUp()[pri:0, instance:com.engcpp.property.IVALReportsTest@2286778]
                     </div>
                     <div>
                        <b>Start time: </b>00:41:02
                     </div>
                     <div>
                        <b>End time: </b>00:41:22
                     </div>
                     <div>
                        <b>Duration: </b>20s
                        
                     </div>
                  </div>
               </td>
            </tr>
            <tr></tr>
            <tr id="com.engcpp.property.IVALReportsTest_testIVALReport_byClass_FAIL2_row"
                class="testMethodStatusFAIL">
               <td width="100%" class="firstMethodCell">
                  <a onclick="toggleDetailsVisibility('com.engcpp.property.IVALReportsTest_testIVALReport_byClass_FAIL2_details')">testIVALReport()</a>
               </td>
               <td nowrap="true">00:41:22</td>
               <td nowrap="true" align="right">2m
                  3s
                  
               </td>
               <td nowrap="true">
                  <a onclick="toggleDetailsVisibility('com.engcpp.property.IVALReportsTest_testIVALReport_byClass_FAIL2_exception')">java.lang.AssertionError: </a>
                   
                  
               </td>
            </tr>
            <tr>
               <td colspan="4" class="detailsBox">
                  <div id="com.engcpp.property.IVALReportsTest_testIVALReport_byClass_FAIL2_details"
                       class="testMethodDetails">
                     <div>
                        <b>Name: </b>testIVALReport
                     </div>
                     <div>
                        <b>Signature: </b>testIVALReport()[pri:0, instance:com.engcpp.property.IVALReportsTest@2286778]
                     </div>
                     <div>
                        <b>Start time: </b>00:41:22
                     </div>
                     <div>
                        <b>End time: </b>00:43:25
                     </div>
                     <div>
                        <b>Duration: </b>2m
                        3s
                        
                     </div>
                  </div>
               </td>
            </tr>
            <tr>
               <td colspan="4" class="detailsBox">
                  <div id="com.engcpp.property.IVALReportsTest_testIVALReport_byClass_FAIL2_exception"
                       class="testMethodDetails">
                     <pre style="padding: 5px; margin: 0;">java.lang.AssertionError: 
                        at org.testng.AssertJUnit.fail(AssertJUnit.java:59)
                        at org.testng.AssertJUnit.assertTrue(AssertJUnit.java:24)
                        at org.testng.AssertJUnit.assertTrue(AssertJUnit.java:33)
                        at com.engcpp.property.IVALReportsTest.testIVALReport(IVALReportsTest.java:53)
                        at sun.reflect.NativeMethodAccessorImpl.invoke0(Native Method)
                        at sun.reflect.NativeMethodAccessorImpl.invoke(Unknown Source)
                        at sun.reflect.DelegatingMethodAccessorImpl.invoke(Unknown Source)
                        at java.lang.reflect.Method.invoke(Unknown Source)
                        at org.testng.internal.MethodInvocationHelper.invokeMethod(MethodInvocationHelper.java:124)
                        at org.testng.internal.Invoker.invokeMethod(Invoker.java:583)
                        at org.testng.internal.Invoker.invokeTestMethod(Invoker.java:719)
                        at org.testng.internal.Invoker.invokeTestMethods(Invoker.java:989)
                        at org.testng.internal.TestMethodWorker.invokeTestMethods(TestMethodWorker.java:125)
                        at org.testng.internal.TestMethodWorker.run(TestMethodWorker.java:109)
                        at org.testng.TestRunner.privateRun(TestRunner.java:648)
                        at org.testng.TestRunner.run(TestRunner.java:505)
                        at org.testng.SuiteRunner.runTest(SuiteRunner.java:455)
                        at org.testng.SuiteRunner.runSequentially(SuiteRunner.java:450)
                        at org.testng.SuiteRunner.privateRun(SuiteRunner.java:415)
                        at org.testng.SuiteRunner.run(SuiteRunner.java:364)
                        at org.testng.SuiteRunnerWorker.runSuite(SuiteRunnerWorker.java:52)
                        at org.testng.SuiteRunnerWorker.run(SuiteRunnerWorker.java:84)
                        at org.testng.TestNG.runSuitesSequentially(TestNG.java:1208)
                        at org.testng.TestNG.runSuitesLocally(TestNG.java:1137)
                        at org.testng.TestNG.runSuites(TestNG.java:1049)
                        at org.testng.TestNG.run(TestNG.java:1017)
                        at org.testng.remote.AbstractRemoteTestNG.run(AbstractRemoteTestNG.java:114)
                        at org.testng.remote.RemoteTestNG.initAndRun(RemoteTestNG.java:251)
                        at org.testng.remote.RemoteTestNG.main(RemoteTestNG.java:77)
                     </pre>
                  </div>
               </td>
            </tr>
            <tr id="com.engcpp.property.IVALReportsTest_tearDown_byClass_PASS3_row"
                class="testMethodStatusPASS testMethodStatusCONF">
               <td width="100%" class="firstMethodCell">
                  <a onclick="toggleDetailsVisibility('com.engcpp.property.IVALReportsTest_tearDown_byClass_PASS3_details')">tearDown()</a>
               </td>
               <td nowrap="true">00:43:25</td>
               <td nowrap="true" align="right">963 ms
                  
               </td>
               <td nowrap="true">
                   
                  
               </td>
            </tr>
            <tr>
               <td colspan="4" class="detailsBox">
                  <div id="com.engcpp.property.IVALReportsTest_tearDown_byClass_PASS3_details"
                       class="testMethodDetails">
                     <div>
                        <b>Name: </b>tearDown
                     </div>
                     <div>
                        <b>Signature: </b>tearDown()[pri:0, instance:com.engcpp.property.IVALReportsTest@2286778]
                     </div>
                     <div>
                        <b>Start time: </b>00:43:25
                     </div>
                     <div>
                        <b>End time: </b>00:43:26
                     </div>
                     <div>
                        <b>Duration: </b>963 ms
                        
                     </div>
                  </div>
               </td>
            </tr>
            <tr></tr>
         </table>
         <br></br>
      </div>
      <div style="margin-top: 15px; color: gray; text-align: center; font-size: 9px;">
         Generated with
         
         <a href="http://code.google.com/p/testng-xslt/" style="color: #8888aa;"
            target="_blank">
            TestNG XSLT
            
         </a>
      </div>
   </body>
</html>