<?xml version="1.0" encoding="UTF-8"?>
<testng-results skipped="0" failed="2" ignored="0" total="5" passed="3">
  <reporter-output>
  </reporter-output>
  <suite name="IQConnect SmokeTestSet" duration-ms="372652" started-at="2018-07-12T02:27:59Z" finished-at="2018-07-12T02:34:12Z">
    <groups>
    </groups>
    <test name="Login_LogOut" duration-ms="25060" started-at="2018-07-12T02:27:59Z" finished-at="2018-07-12T02:28:24Z">
      <class name="com.engcpp.LoginTest">
        <test-method status="PASS" signature="setUp()[pri:0, instance:com.engcpp.LoginTest@45820e51]" name="setUp" is-config="true" duration-ms="8886" started-at="2018-07-12T02:27:59Z" finished-at="2018-07-12T02:28:08Z">
          <reporter-output>
          </reporter-output>
        </test-method> <!-- setUp -->
        <test-method status="FAIL" signature="Login_Logout()[pri:1, instance:com.engcpp.LoginTest@45820e51]" name="Login_Logout" duration-ms="15425" started-at="2018-07-12T02:28:08Z" finished-at="2018-07-12T02:28:24Z">
          <exception class="java.lang.AssertionError">
            <full-stacktrace>
              <![CDATA[java.lang.AssertionError: 
at org.testng.AssertJUnit.fail(AssertJUnit.java:59)
at org.testng.AssertJUnit.assertTrue(AssertJUnit.java:24)
at org.testng.AssertJUnit.assertTrue(AssertJUnit.java:33)
at com.engcpp.LoginTest.Login_Logout(LoginTest.java:39)
at sun.reflect.NativeMethodAccessorImpl.invoke0(Native Method)
at sun.reflect.NativeMethodAccessorImpl.invoke(Unknown Source)
at sun.reflect.DelegatingMethodAccessorImpl.invoke(Unknown Source)
at java.lang.reflect.Method.invoke(Unknown Source)
at org.testng.internal.MethodInvocationHelper.invokeMethod(MethodInvocationHelper.java:124)
at org.testng.internal.Invoker.invokeMethod(Invoker.java:583)
at org.testng.internal.Invoker.invokeTestMethod(Invoker.java:719)
at org.testng.internal.Invoker.invokeTestMethods(Invoker.java:989)
at org.testng.internal.TestMethodWorker.invokeTestMethods(TestMethodWorker.java:125)
at org.testng.internal.TestMethodWorker.run(TestMethodWorker.java:109)
at org.testng.TestRunner.privateRun(TestRunner.java:648)
at org.testng.TestRunner.run(TestRunner.java:505)
at org.testng.SuiteRunner.runTest(SuiteRunner.java:455)
at org.testng.SuiteRunner.runSequentially(SuiteRunner.java:450)
at org.testng.SuiteRunner.privateRun(SuiteRunner.java:415)
at org.testng.SuiteRunner.run(SuiteRunner.java:364)
at org.testng.SuiteRunnerWorker.runSuite(SuiteRunnerWorker.java:52)
at org.testng.SuiteRunnerWorker.run(SuiteRunnerWorker.java:84)
at org.testng.TestNG.runSuitesSequentially(TestNG.java:1208)
at org.testng.TestNG.runSuitesLocally(TestNG.java:1137)
at org.testng.TestNG.runSuites(TestNG.java:1049)
at org.testng.TestNG.run(TestNG.java:1017)
at org.testng.remote.AbstractRemoteTestNG.run(AbstractRemoteTestNG.java:114)
at org.testng.remote.RemoteTestNG.initAndRun(RemoteTestNG.java:251)
at org.testng.remote.RemoteTestNG.main(RemoteTestNG.java:77)
]]>
            </full-stacktrace>
          </exception> <!-- java.lang.AssertionError -->
          <reporter-output>
          </reporter-output>
        </test-method> <!-- Login_Logout -->
        <test-method status="PASS" signature="tearDown()[pri:0, instance:com.engcpp.LoginTest@45820e51]" name="tearDown" is-config="true" duration-ms="711" started-at="2018-07-12T02:28:24Z" finished-at="2018-07-12T02:28:24Z">
          <reporter-output>
          </reporter-output>
        </test-method> <!-- tearDown -->
      </class> <!-- com.engcpp.LoginTest -->
    </test> <!-- Login_LogOut -->
    <test name="iVAL_Property" duration-ms="120079" started-at="2018-07-12T02:28:24Z" finished-at="2018-07-12T02:30:24Z">
      <class name="com.engcpp.property.IVALReportsTest">
        <test-method status="PASS" signature="setUp()[pri:0, instance:com.engcpp.property.IVALReportsTest@491cc5c9]" name="setUp" is-config="true" duration-ms="40804" started-at="2018-07-12T02:28:24Z" finished-at="2018-07-12T02:29:05Z">
          <reporter-output>
          </reporter-output>
        </test-method> <!-- setUp -->
        <test-method status="FAIL" signature="iVALPropertyReport()[pri:2, instance:com.engcpp.property.IVALReportsTest@491cc5c9]" name="iVALPropertyReport" duration-ms="78632" started-at="2018-07-12T02:29:05Z" finished-at="2018-07-12T02:30:24Z">
          <exception class="org.openqa.selenium.NoSuchWindowException">
            <message>
              <![CDATA[no such window: target window already closed
from unknown error: web view not found
  (Session info: chrome=67.0.3396.99)
  (Driver info: chromedriver=2.35.528161 (5b82f2d2aae0ca24b877009200ced9065a772e73),platform=Windows NT 10.0.16299 x86_64) (WARNING: The server did not provide any stacktrace information)
Command duration or timeout: 0 milliseconds
Build info: version: '3.11.0', revision: 'e59cfb3', time: '2018-03-11T20:26:55.152Z'
System info: host: 'NZAKLBH-LT0235', ip: '172.27.177.22', os.name: 'Windows 10', os.arch: 'amd64', os.version: '10.0', java.version: '1.8.0_171'
Driver info: org.openqa.selenium.chrome.ChromeDriver
Capabilities {acceptInsecureCerts: false, acceptSslCerts: false, applicationCacheEnabled: false, browserConnectionEnabled: false, browserName: chrome, chrome: {chromedriverVersion: 2.35.528161 (5b82f2d2aae0ca..., userDataDir: C:\Users\kxi17\AppData\Loca...}, cssSelectorsEnabled: true, databaseEnabled: false, handlesAlerts: true, hasTouchScreen: false, javascriptEnabled: true, locationContextEnabled: true, mobileEmulationEnabled: false, nativeEvents: true, networkConnectionEnabled: false, pageLoadStrategy: normal, platform: XP, platformName: XP, rotatable: false, setWindowRect: true, takesHeapSnapshot: true, takesScreenshot: true, unexpectedAlertBehaviour: , unhandledPromptBehavior: , version: 67.0.3396.99, webStorageEnabled: true}
Session ID: 636e2acafb9b6d34fe979972468dd436
*** Element info: {Using=class name, value=property-search-item}]]>
            </message>
            <full-stacktrace>
              <![CDATA[org.openqa.selenium.NoSuchWindowException: no such window: target window already closed
from unknown error: web view not found
  (Session info: chrome=67.0.3396.99)
  (Driver info: chromedriver=2.35.528161 (5b82f2d2aae0ca24b877009200ced9065a772e73),platform=Windows NT 10.0.16299 x86_64) (WARNING: The server did not provide any stacktrace information)
Command duration or timeout: 0 milliseconds
Build info: version: '3.11.0', revision: 'e59cfb3', time: '2018-03-11T20:26:55.152Z'
System info: host: 'NZAKLBH-LT0235', ip: '172.27.177.22', os.name: 'Windows 10', os.arch: 'amd64', os.version: '10.0', java.version: '1.8.0_171'
Driver info: org.openqa.selenium.chrome.ChromeDriver
Capabilities {acceptInsecureCerts: false, acceptSslCerts: false, applicationCacheEnabled: false, browserConnectionEnabled: false, browserName: chrome, chrome: {chromedriverVersion: 2.35.528161 (5b82f2d2aae0ca..., userDataDir: C:\Users\kxi17\AppData\Loca...}, cssSelectorsEnabled: true, databaseEnabled: false, handlesAlerts: true, hasTouchScreen: false, javascriptEnabled: true, locationContextEnabled: true, mobileEmulationEnabled: false, nativeEvents: true, networkConnectionEnabled: false, pageLoadStrategy: normal, platform: XP, platformName: XP, rotatable: false, setWindowRect: true, takesHeapSnapshot: true, takesScreenshot: true, unexpectedAlertBehaviour: , unhandledPromptBehavior: , version: 67.0.3396.99, webStorageEnabled: true}
Session ID: 636e2acafb9b6d34fe979972468dd436
*** Element info: {Using=class name, value=property-search-item}
at sun.reflect.NativeConstructorAccessorImpl.newInstance0(Native Method)
at sun.reflect.NativeConstructorAccessorImpl.newInstance(Unknown Source)
at sun.reflect.DelegatingConstructorAccessorImpl.newInstance(Unknown Source)
at java.lang.reflect.Constructor.newInstance(Unknown Source)
at org.openqa.selenium.remote.ErrorHandler.createThrowable(ErrorHandler.java:214)
at org.openqa.selenium.remote.ErrorHandler.throwIfResponseFailed(ErrorHandler.java:166)
at org.openqa.selenium.remote.http.JsonHttpResponseCodec.reconstructValue(JsonHttpResponseCodec.java:40)
at org.openqa.selenium.remote.http.AbstractHttpResponseCodec.decode(AbstractHttpResponseCodec.java:80)
at org.openqa.selenium.remote.http.AbstractHttpResponseCodec.decode(AbstractHttpResponseCodec.java:44)
at org.openqa.selenium.remote.HttpCommandExecutor.execute(HttpCommandExecutor.java:158)
at org.openqa.selenium.remote.service.DriverCommandExecutor.execute(DriverCommandExecutor.java:83)
at org.openqa.selenium.remote.RemoteWebDriver.execute(RemoteWebDriver.java:545)
at org.openqa.selenium.remote.RemoteWebDriver.findElements(RemoteWebDriver.java:346)
at org.openqa.selenium.remote.RemoteWebDriver.findElementsByClassName(RemoteWebDriver.java:409)
at org.openqa.selenium.By$ByClassName.findElements(By.java:383)
at org.openqa.selenium.remote.RemoteWebDriver.findElements(RemoteWebDriver.java:307)
at com.engcpp.property.IVALReport.submit(IVALReport.java:73)
at com.engcpp.property.IVALReportsTest.iVALPropertyReport(IVALReportsTest.java:46)
at sun.reflect.NativeMethodAccessorImpl.invoke0(Native Method)
at sun.reflect.NativeMethodAccessorImpl.invoke(Unknown Source)
at sun.reflect.DelegatingMethodAccessorImpl.invoke(Unknown Source)
at java.lang.reflect.Method.invoke(Unknown Source)
at org.testng.internal.MethodInvocationHelper.invokeMethod(MethodInvocationHelper.java:124)
at org.testng.internal.Invoker.invokeMethod(Invoker.java:583)
at org.testng.internal.Invoker.invokeTestMethod(Invoker.java:719)
at org.testng.internal.Invoker.invokeTestMethods(Invoker.java:989)
at org.testng.internal.TestMethodWorker.invokeTestMethods(TestMethodWorker.java:125)
at org.testng.internal.TestMethodWorker.run(TestMethodWorker.java:109)
at org.testng.TestRunner.privateRun(TestRunner.java:648)
at org.testng.TestRunner.run(TestRunner.java:505)
at org.testng.SuiteRunner.runTest(SuiteRunner.java:455)
at org.testng.SuiteRunner.runSequentially(SuiteRunner.java:450)
at org.testng.SuiteRunner.privateRun(SuiteRunner.java:415)
at org.testng.SuiteRunner.run(SuiteRunner.java:364)
at org.testng.SuiteRunnerWorker.runSuite(SuiteRunnerWorker.java:52)
at org.testng.SuiteRunnerWorker.run(SuiteRunnerWorker.java:84)
at org.testng.TestNG.runSuitesSequentially(TestNG.java:1208)
at org.testng.TestNG.runSuitesLocally(TestNG.java:1137)
at org.testng.TestNG.runSuites(TestNG.java:1049)
at org.testng.TestNG.run(TestNG.java:1017)
at org.testng.remote.AbstractRemoteTestNG.run(AbstractRemoteTestNG.java:114)
at org.testng.remote.RemoteTestNG.initAndRun(RemoteTestNG.java:251)
at org.testng.remote.RemoteTestNG.main(RemoteTestNG.java:77)
]]>
            </full-stacktrace>
          </exception> <!-- org.openqa.selenium.NoSuchWindowException -->
          <reporter-output>
          </reporter-output>
        </test-method> <!-- iVALPropertyReport -->
        <test-method status="PASS" signature="tearDown()[pri:0, instance:com.engcpp.property.IVALReportsTest@491cc5c9]" name="tearDown" is-config="true" duration-ms="633" started-at="2018-07-12T02:30:24Z" finished-at="2018-07-12T02:30:24Z">
          <reporter-output>
          </reporter-output>
        </test-method> <!-- tearDown -->
      </class> <!-- com.engcpp.property.IVALReportsTest -->
    </test> <!-- iVAL_Property -->
    <test name="Consumer_Reports" duration-ms="67612" started-at="2018-07-12T02:30:24Z" finished-at="2018-07-12T02:31:32Z">
      <class name="com.engcpp.individual.ScoreplusReportTest">
        <test-method status="PASS" signature="setUp()[pri:0, instance:com.engcpp.individual.ScoreplusReportTest@8646db9]" name="setUp" is-config="true" duration-ms="20194" started-at="2018-07-12T02:30:24Z" finished-at="2018-07-12T02:30:45Z">
          <reporter-output>
          </reporter-output>
        </test-method> <!-- setUp -->
        <test-method status="PASS" signature="EquifaxScorePlusReport()[pri:3, instance:com.engcpp.individual.ScoreplusReportTest@8646db9]" name="EquifaxScorePlusReport" duration-ms="46526" started-at="2018-07-12T02:30:45Z" finished-at="2018-07-12T02:31:31Z">
          <reporter-output>
          </reporter-output>
        </test-method> <!-- EquifaxScorePlusReport -->
        <test-method status="PASS" signature="tearDown()[pri:0, instance:com.engcpp.individual.ScoreplusReportTest@8646db9]" name="tearDown" is-config="true" duration-ms="889" started-at="2018-07-12T02:31:31Z" finished-at="2018-07-12T02:31:32Z">
          <reporter-output>
          </reporter-output>
        </test-method> <!-- tearDown -->
      </class> <!-- com.engcpp.individual.ScoreplusReportTest -->
    </test> <!-- Consumer_Reports -->
    <test name="StandardCommercialReport" duration-ms="91471" started-at="2018-07-12T02:31:32Z" finished-at="2018-07-12T02:33:04Z">
      <class name="com.kashifi.commercial.StandardBusinessReportTest">
        <test-method status="PASS" signature="setUp()[pri:0, instance:com.kashifi.commercial.StandardBusinessReportTest@7cbd213e]" name="setUp" is-config="true" duration-ms="19063" started-at="2018-07-12T02:31:32Z" finished-at="2018-07-12T02:31:51Z">
          <reporter-output>
          </reporter-output>
        </test-method> <!-- setUp -->
        <test-method status="PASS" signature="StandardBusinessReport()[pri:4, instance:com.kashifi.commercial.StandardBusinessReportTest@7cbd213e]" name="StandardBusinessReport" duration-ms="71745" started-at="2018-07-12T02:31:51Z" finished-at="2018-07-12T02:33:03Z">
          <reporter-output>
          </reporter-output>
        </test-method> <!-- StandardBusinessReport -->
        <test-method status="PASS" signature="tearDown()[pri:0, instance:com.kashifi.commercial.StandardBusinessReportTest@7cbd213e]" name="tearDown" is-config="true" duration-ms="658" started-at="2018-07-12T02:33:03Z" finished-at="2018-07-12T02:33:04Z">
          <reporter-output>
          </reporter-output>
        </test-method> <!-- tearDown -->
      </class> <!-- com.kashifi.commercial.StandardBusinessReportTest -->
    </test> <!-- StandardCommercialReport -->
    <test name="AdvancedCommercialReports" duration-ms="68334" started-at="2018-07-12T02:33:04Z" finished-at="2018-07-12T02:34:12Z">
      <class name="com.kashifi.commercial.AdvancedBusinessReportTest">
        <test-method status="PASS" signature="setUp()[pri:0, instance:com.kashifi.commercial.AdvancedBusinessReportTest@7a30d1e6]" name="setUp" is-config="true" duration-ms="20630" started-at="2018-07-12T02:33:04Z" finished-at="2018-07-12T02:33:24Z">
          <reporter-output>
          </reporter-output>
        </test-method> <!-- setUp -->
        <test-method status="PASS" signature="AdvancedBusinessReport()[pri:5, instance:com.kashifi.commercial.AdvancedBusinessReportTest@7a30d1e6]" name="AdvancedBusinessReport" duration-ms="47060" started-at="2018-07-12T02:33:24Z" finished-at="2018-07-12T02:34:11Z">
          <reporter-output>
          </reporter-output>
        </test-method> <!-- AdvancedBusinessReport -->
        <test-method status="PASS" signature="tearDown()[pri:0, instance:com.kashifi.commercial.AdvancedBusinessReportTest@7a30d1e6]" name="tearDown" is-config="true" duration-ms="638" started-at="2018-07-12T02:34:11Z" finished-at="2018-07-12T02:34:12Z">
          <reporter-output>
          </reporter-output>
        </test-method> <!-- tearDown -->
      </class> <!-- com.kashifi.commercial.AdvancedBusinessReportTest -->
    </test> <!-- AdvancedCommercialReports -->
  </suite> <!-- IQConnect SmokeTestSet -->
</testng-results>
